This is pdfTeX, Version 3.1415926-2.5-1.40.14 (TeX Live 2013/Debian) (format=pdflatex 2016.4.19)  19 SEP 2016 05:01
entering extended mode
 restricted \write18 enabled.
 %&-line parsing enabled.
**HW2.tex
(./HW2.tex
LaTeX2e <2011/06/27>
Babel <3.9h> and hyphenation patterns for 78 languages loaded.
(/usr/share/texlive/texmf-dist/tex/latex/base/article.cls
Document Class: article 2007/10/19 v1.4h Standard LaTeX document class
(/usr/share/texlive/texmf-dist/tex/latex/base/size10.clo
File: size10.clo 2007/10/19 v1.4h Standard LaTeX file (size option)
)
\c@part=\count79
\c@section=\count80
\c@subsection=\count81
\c@subsubsection=\count82
\c@paragraph=\count83
\c@subparagraph=\count84
\c@figure=\count85
\c@table=\count86
\abovecaptionskip=\skip41
\belowcaptionskip=\skip42
\bibindent=\dimen102
)
(/home/sjt85/texmf/tex/latex/geometry/geometry.sty
Package: geometry 2010/09/12 v5.6 Page Geometry

(/usr/share/texlive/texmf-dist/tex/latex/graphics/keyval.sty
Package: keyval 1999/03/16 v1.13 key=value parser (DPC)
\KV@toks@=\toks14
)
(/usr/share/texlive/texmf-dist/tex/generic/oberdiek/ifpdf.sty
Package: ifpdf 2011/01/30 v2.3 Provides the ifpdf switch (HO)
Package ifpdf Info: pdfTeX in PDF mode is detected.
)
(/usr/share/texlive/texmf-dist/tex/generic/oberdiek/ifvtex.sty
Package: ifvtex 2010/03/01 v1.5 Detect VTeX and its facilities (HO)
Package ifvtex Info: VTeX not detected.
)
(/usr/share/texlive/texmf-dist/tex/generic/ifxetex/ifxetex.sty
Package: ifxetex 2010/09/12 v0.6 Provides ifxetex conditional
)
\Gm@cnth=\count87
\Gm@cntv=\count88
\c@Gm@tempcnt=\count89
\Gm@bindingoffset=\dimen103
\Gm@wd@mp=\dimen104
\Gm@odd@mp=\dimen105
\Gm@even@mp=\dimen106
\Gm@layoutwidth=\dimen107
\Gm@layoutheight=\dimen108
\Gm@layouthoffset=\dimen109
\Gm@layoutvoffset=\dimen110
\Gm@dimlist=\toks15
)
(/usr/share/texlive/texmf-dist/tex/latex/graphics/graphicx.sty
Package: graphicx 1999/02/16 v1.0f Enhanced LaTeX Graphics (DPC,SPQR)

(/usr/share/texlive/texmf-dist/tex/latex/graphics/graphics.sty
Package: graphics 2009/02/05 v1.0o Standard LaTeX Graphics (DPC,SPQR)

(/usr/share/texlive/texmf-dist/tex/latex/graphics/trig.sty
Package: trig 1999/03/16 v1.09 sin cos tan (DPC)
)
(/usr/share/texlive/texmf-dist/tex/latex/latexconfig/graphics.cfg
File: graphics.cfg 2010/04/23 v1.9 graphics configuration of TeX Live
)
Package graphics Info: Driver file: pdftex.def on input line 91.

(/usr/share/texlive/texmf-dist/tex/latex/pdftex-def/pdftex.def
File: pdftex.def 2011/05/27 v0.06d Graphics/color for pdfTeX

(/usr/share/texlive/texmf-dist/tex/generic/oberdiek/infwarerr.sty
Package: infwarerr 2010/04/08 v1.3 Providing info/warning/error messages (HO)
)
(/usr/share/texlive/texmf-dist/tex/generic/oberdiek/ltxcmds.sty
Package: ltxcmds 2011/11/09 v1.22 LaTeX kernel commands for general use (HO)
)
\Gread@gobject=\count90
))
\Gin@req@height=\dimen111
\Gin@req@width=\dimen112
)
(/home/sjt85/texmf/tex/latex/caption/caption.sty
Package: caption 2016/02/21 v3.3-144 Customizing captions (AR)

(/home/sjt85/texmf/tex/latex/caption/caption3.sty
Package: caption3 2016/02/04 v1.7-139 caption3 kernel (AR)
Package caption3 Info: TeX engine: e-TeX on input line 67.
\captionmargin=\dimen113
\captionmargin@=\dimen114
\captionwidth=\dimen115
\caption@tempdima=\dimen116
\caption@indent=\dimen117
\caption@parindent=\dimen118
\caption@hangindent=\dimen119
)
\c@ContinuedFloat=\count91
)
(/home/sjt85/texmf/tex/latex/caption/subcaption.sty
Package: subcaption 2016/02/20 v1.1-142 Sub-captions (AR)
\c@subfigure=\count92
\c@subtable=\count93
)
(/usr/share/texlive/texmf-dist/tex/latex/hyperref/hyperref.sty
Package: hyperref 2012/11/06 v6.83m Hypertext links for LaTeX

(/usr/share/texlive/texmf-dist/tex/generic/oberdiek/hobsub-hyperref.sty
Package: hobsub-hyperref 2012/05/28 v1.13 Bundle oberdiek, subset hyperref (HO)


(/usr/share/texlive/texmf-dist/tex/generic/oberdiek/hobsub-generic.sty
Package: hobsub-generic 2012/05/28 v1.13 Bundle oberdiek, subset generic (HO)
Package: hobsub 2012/05/28 v1.13 Construct package bundles (HO)
Package hobsub Info: Skipping package `infwarerr' (already loaded).
Package hobsub Info: Skipping package `ltxcmds' (already loaded).
Package: ifluatex 2010/03/01 v1.3 Provides the ifluatex switch (HO)
Package ifluatex Info: LuaTeX not detected.
Package hobsub Info: Skipping package `ifvtex' (already loaded).
Package: intcalc 2007/09/27 v1.1 Expandable calculations with integers (HO)
Package hobsub Info: Skipping package `ifpdf' (already loaded).
Package: etexcmds 2011/02/16 v1.5 Avoid name clashes with e-TeX commands (HO)
Package etexcmds Info: Could not find \expanded.
(etexcmds)             That can mean that you are not using pdfTeX 1.50 or
(etexcmds)             that some package has redefined \expanded.
(etexcmds)             In the latter case, load this package earlier.
Package: kvsetkeys 2012/04/25 v1.16 Key value parser (HO)
Package: kvdefinekeys 2011/04/07 v1.3 Define keys (HO)
Package: pdftexcmds 2011/11/29 v0.20 Utility functions of pdfTeX for LuaTeX (HO
)
Package pdftexcmds Info: LuaTeX not detected.
Package pdftexcmds Info: \pdf@primitive is available.
Package pdftexcmds Info: \pdf@ifprimitive is available.
Package pdftexcmds Info: \pdfdraftmode found.
Package: pdfescape 2011/11/25 v1.13 Implements pdfTeX's escape features (HO)
Package: bigintcalc 2012/04/08 v1.3 Expandable calculations on big integers (HO
)
Package: bitset 2011/01/30 v1.1 Handle bit-vector datatype (HO)
Package: uniquecounter 2011/01/30 v1.2 Provide unlimited unique counter (HO)
)
Package hobsub Info: Skipping package `hobsub' (already loaded).
Package: letltxmacro 2010/09/02 v1.4 Let assignment for LaTeX macros (HO)
Package: hopatch 2012/05/28 v1.2 Wrapper for package hooks (HO)
Package: xcolor-patch 2011/01/30 xcolor patch
Package: atveryend 2011/06/30 v1.8 Hooks at the very end of document (HO)
Package atveryend Info: \enddocument detected (standard20110627).
Package: atbegshi 2011/10/05 v1.16 At begin shipout hook (HO)
Package: refcount 2011/10/16 v3.4 Data extraction from label references (HO)
Package: hycolor 2011/01/30 v1.7 Color options for hyperref/bookmark (HO)
)
(/usr/share/texlive/texmf-dist/tex/latex/oberdiek/auxhook.sty
Package: auxhook 2011/03/04 v1.3 Hooks for auxiliary files (HO)
)
(/usr/share/texlive/texmf-dist/tex/latex/oberdiek/kvoptions.sty
Package: kvoptions 2011/06/30 v3.11 Key value format for package options (HO)
)
\@linkdim=\dimen120
\Hy@linkcounter=\count94
\Hy@pagecounter=\count95

(/usr/share/texlive/texmf-dist/tex/latex/hyperref/pd1enc.def
File: pd1enc.def 2012/11/06 v6.83m Hyperref: PDFDocEncoding definition (HO)
)
\Hy@SavedSpaceFactor=\count96

(/usr/share/texlive/texmf-dist/tex/latex/latexconfig/hyperref.cfg
File: hyperref.cfg 2002/06/06 v1.2 hyperref configuration of TeXLive
)
Package hyperref Info: Hyper figures OFF on input line 4443.
Package hyperref Info: Link nesting OFF on input line 4448.
Package hyperref Info: Hyper index ON on input line 4451.
Package hyperref Info: Plain pages OFF on input line 4458.
Package hyperref Info: Backreferencing OFF on input line 4463.
Package hyperref Info: Implicit mode ON; LaTeX internals redefined.
Package hyperref Info: Bookmarks ON on input line 4688.
\c@Hy@tempcnt=\count97

(/usr/share/texlive/texmf-dist/tex/latex/url/url.sty
\Urlmuskip=\muskip10
Package: url 2013/09/16  ver 3.4  Verb mode for urls, etc.
)
LaTeX Info: Redefining \url on input line 5041.
\XeTeXLinkMargin=\dimen121
\Fld@menulength=\count98
\Field@Width=\dimen122
\Fld@charsize=\dimen123
Package hyperref Info: Hyper figures OFF on input line 6295.
Package hyperref Info: Link nesting OFF on input line 6300.
Package hyperref Info: Hyper index ON on input line 6303.
Package hyperref Info: backreferencing OFF on input line 6310.
Package hyperref Info: Link coloring OFF on input line 6315.
Package hyperref Info: Link coloring with OCG OFF on input line 6320.
Package hyperref Info: PDF/A mode OFF on input line 6325.
LaTeX Info: Redefining \ref on input line 6365.
LaTeX Info: Redefining \pageref on input line 6369.
\Hy@abspage=\count99
\c@Item=\count100
\c@Hfootnote=\count101
)

Package hyperref Message: Driver (autodetected): hpdftex.

(/usr/share/texlive/texmf-dist/tex/latex/hyperref/hpdftex.def
File: hpdftex.def 2012/11/06 v6.83m Hyperref driver for pdfTeX
\Fld@listcount=\count102
\c@bookmark@seq@number=\count103

(/usr/share/texlive/texmf-dist/tex/latex/oberdiek/rerunfilecheck.sty
Package: rerunfilecheck 2011/04/15 v1.7 Rerun checks for auxiliary files (HO)
Package uniquecounter Info: New unique counter `rerunfilecheck' on input line 2
82.
)
\Hy@SectionHShift=\skip43
)
(/home/sjt85/texmf/tex/latex/float/float.sty
Package: float 2001/11/08 v1.3d Float enhancements (AL)
\c@float@type=\count104
\float@exts=\toks16
\float@box=\box26
\@float@everytoks=\toks17
\@floatcapt=\box27
)
(/usr/share/texlive/texmf-dist/tex/latex/oberdiek/epstopdf.sty
Package: epstopdf 2010/02/09 v2.5 Conversion with epstopdf on the fly (HO)

(/usr/share/texlive/texmf-dist/tex/latex/oberdiek/epstopdf-base.sty
Package: epstopdf-base 2010/02/09 v2.5 Base part for package epstopdf

(/usr/share/texlive/texmf-dist/tex/latex/oberdiek/grfext.sty
Package: grfext 2010/08/19 v1.1 Manage graphics extensions (HO)
)
Package grfext Info: Graphics extension search list:
(grfext)             [.png,.pdf,.jpg,.mps,.jpeg,.jbig2,.jb2,.PNG,.PDF,.JPG,.JPE
G,.JBIG2,.JB2,.eps]
(grfext)             \AppendGraphicsExtensions on input line 452.

(/usr/share/texlive/texmf-dist/tex/latex/latexconfig/epstopdf-sys.cfg
File: epstopdf-sys.cfg 2010/07/13 v1.3 Configuration of (r)epstopdf for TeX Liv
e
)))
(/home/sjt85/texmf/tex/latex/mathtools/mathtools.sty
Package: mathtools 2015/11/12 v1.18 mathematical typesetting tools

(/usr/share/texlive/texmf-dist/tex/latex/tools/calc.sty
Package: calc 2007/08/22 v4.3 Infix arithmetic (KKT,FJ)
\calc@Acount=\count105
\calc@Bcount=\count106
\calc@Adimen=\dimen124
\calc@Bdimen=\dimen125
\calc@Askip=\skip44
\calc@Bskip=\skip45
LaTeX Info: Redefining \setlength on input line 76.
LaTeX Info: Redefining \addtolength on input line 77.
\calc@Ccount=\count107
\calc@Cskip=\skip46
)
(/home/sjt85/texmf/tex/latex/mathtools/mhsetup.sty
Package: mhsetup 2010/01/21 v1.2a programming setup (MH)
)
(/home/sjt85/texmf/tex/latex/amsmath/amsmath.sty
Package: amsmath 2016/03/10 v2.15b AMS math features
\@mathmargin=\skip47

For additional information on amsmath, use the `?' option.
(/home/sjt85/texmf/tex/latex/amsmath/amstext.sty
Package: amstext 2000/06/29 v2.01 AMS text

(/home/sjt85/texmf/tex/latex/amsmath/amsgen.sty
File: amsgen.sty 1999/11/30 v2.0 generic functions
\@emptytoks=\toks18
\ex@=\dimen126
))
(/home/sjt85/texmf/tex/latex/amsmath/amsbsy.sty
Package: amsbsy 1999/11/29 v1.2d Bold Symbols
\pmbraise@=\dimen127
)
(/home/sjt85/texmf/tex/latex/amsmath/amsopn.sty
Package: amsopn 2016/03/08 v2.02 operator names
)
\inf@bad=\count108
LaTeX Info: Redefining \frac on input line 199.
\uproot@=\count109
\leftroot@=\count110
LaTeX Info: Redefining \overline on input line 297.
\classnum@=\count111
\DOTSCASE@=\count112
LaTeX Info: Redefining \ldots on input line 394.
LaTeX Info: Redefining \dots on input line 397.
LaTeX Info: Redefining \cdots on input line 518.
\Mathstrutbox@=\box28
\strutbox@=\box29
\big@size=\dimen128
LaTeX Font Info:    Redeclaring font encoding OML on input line 634.
LaTeX Font Info:    Redeclaring font encoding OMS on input line 635.
\macc@depth=\count113
\c@MaxMatrixCols=\count114
\dotsspace@=\muskip11
\c@parentequation=\count115
\dspbrk@lvl=\count116
\tag@help=\toks19
\row@=\count117
\column@=\count118
\maxfields@=\count119
\andhelp@=\toks20
\eqnshift@=\dimen129
\alignsep@=\dimen130
\tagshift@=\dimen131
\tagwidth@=\dimen132
\totwidth@=\dimen133
\lineht@=\dimen134
\@envbody=\toks21
\multlinegap=\skip48
\multlinetaggap=\skip49
\mathdisplay@stack=\toks22
LaTeX Info: Redefining \[ on input line 2739.
LaTeX Info: Redefining \] on input line 2740.
)
LaTeX Info: Thecontrolsequence`\['isalreadyrobust on input line 129.
LaTeX Info: Thecontrolsequence`\]'isalreadyrobust on input line 129.
\g_MT_multlinerow_int=\count120
\l_MT_multwidth_dim=\dimen135
\origjot=\skip50
\l_MT_shortvdotswithinadjustabove_dim=\dimen136
\l_MT_shortvdotswithinadjustbelow_dim=\dimen137
\l_MT_above_intertext_sep=\dimen138
\l_MT_below_intertext_sep=\dimen139
\l_MT_above_shortintertext_sep=\dimen140
\l_MT_below_shortintertext_sep=\dimen141
)
(/usr/share/texlive/texmf-dist/tex/latex/graphics/color.sty
Package: color 2005/11/14 v1.0j Standard LaTeX Color (DPC)

(/usr/share/texlive/texmf-dist/tex/latex/latexconfig/color.cfg
File: color.cfg 2007/01/18 v1.5 color configuration of teTeX/TeXLive
)
Package color Info: Driver file: pdftex.def on input line 130.
)
(/usr/share/texlive/texmf-dist/tex/latex/tools/array.sty
Package: array 2008/09/09 v2.4c Tabular extension package (FMi)
\col@sep=\dimen142
\extrarowheight=\dimen143
\NC@list=\toks23
\extratabsurround=\skip51
\backup@length=\skip52
) (./HW2.aux)
\openout1 = `HW2.aux'.

LaTeX Font Info:    Checking defaults for OML/cmm/m/it on input line 25.
LaTeX Font Info:    ... okay on input line 25.
LaTeX Font Info:    Checking defaults for T1/cmr/m/n on input line 25.
LaTeX Font Info:    ... okay on input line 25.
LaTeX Font Info:    Checking defaults for OT1/cmr/m/n on input line 25.
LaTeX Font Info:    ... okay on input line 25.
LaTeX Font Info:    Checking defaults for OMS/cmsy/m/n on input line 25.
LaTeX Font Info:    ... okay on input line 25.
LaTeX Font Info:    Checking defaults for OMX/cmex/m/n on input line 25.
LaTeX Font Info:    ... okay on input line 25.
LaTeX Font Info:    Checking defaults for U/cmr/m/n on input line 25.
LaTeX Font Info:    ... okay on input line 25.
LaTeX Font Info:    Checking defaults for PD1/pdf/m/n on input line 25.
LaTeX Font Info:    ... okay on input line 25.

*geometry* driver: auto-detecting
*geometry* detected driver: pdftex
*geometry* verbose mode - [ preamble ] result:
* driver: pdftex
* paper: <default>
* layout: <same size as paper>
* layoutoffset:(h,v)=(0.0pt,0.0pt)
* modes: 
* h-part:(L,W,R)=(72.26999pt, 469.75502pt, 72.26999pt)
* v-part:(T,H,B)=(72.26999pt, 650.43001pt, 72.26999pt)
* \paperwidth=614.295pt
* \paperheight=794.96999pt
* \textwidth=469.75502pt
* \textheight=650.43001pt
* \oddsidemargin=0.0pt
* \evensidemargin=0.0pt
* \topmargin=-37.0pt
* \headheight=12.0pt
* \headsep=25.0pt
* \topskip=10.0pt
* \footskip=30.0pt
* \marginparwidth=65.0pt
* \marginparsep=11.0pt
* \columnsep=10.0pt
* \skip\footins=9.0pt plus 4.0pt minus 2.0pt
* \hoffset=0.0pt
* \voffset=0.0pt
* \mag=1000
* \@twocolumnfalse
* \@twosidefalse
* \@mparswitchfalse
* \@reversemarginfalse
* (1in=72.27pt=25.4mm, 1cm=28.453pt)

(/usr/share/texlive/texmf-dist/tex/context/base/supp-pdf.mkii
[Loading MPS to PDF converter (version 2006.09.02).]
\scratchcounter=\count121
\scratchdimen=\dimen144
\scratchbox=\box30
\nofMPsegments=\count122
\nofMParguments=\count123
\everyMPshowfont=\toks24
\MPscratchCnt=\count124
\MPscratchDim=\dimen145
\MPnumerator=\count125
\makeMPintoPDFobject=\count126
\everyMPtoPDFconversion=\toks25
)
Package caption Info: Begin \AtBeginDocument code.
Package caption Info: float package is loaded.
Package caption Info: hyperref package is loaded.
Package caption Info: End \AtBeginDocument code.
\AtBeginShipoutBox=\box31
Package hyperref Info: Link coloring OFF on input line 25.
 (/usr/share/texlive/texmf-dist/tex/latex/hyperref/nameref.sty
Package: nameref 2012/10/27 v2.43 Cross-referencing by name of section

(/usr/share/texlive/texmf-dist/tex/generic/oberdiek/gettitlestring.sty
Package: gettitlestring 2010/12/03 v1.4 Cleanup title references (HO)
)
\c@section@level=\count127
)
LaTeX Info: Redefining \ref on input line 25.
LaTeX Info: Redefining \pageref on input line 25.
LaTeX Info: Redefining \nameref on input line 25.

(./HW2.out) (./HW2.out)
\@outlinefile=\write3
\openout3 = `HW2.out'.

Package epstopdf Info: Source file: <figures/P_init20.eps>
(epstopdf)                    date: 2016-09-19 04:03:48
(epstopdf)                    size: 30093 bytes
(epstopdf)             Output file: <figures/P_init20-eps-converted-to.pdf>
(epstopdf)                    date: 2016-09-19 04:46:09
(epstopdf)                    size: 9690 bytes
(epstopdf)             Command: <repstopdf --outfile=figures/P_init20-eps-conve
rted-to.pdf figures/P_init20.eps>
(epstopdf)             \includegraphics on input line 32.
Package epstopdf Info: Output file is already uptodate.

<figures/P_init20-eps-converted-to.pdf, id=4, 431.6125pt x 322.20375pt>
File: figures/P_init20-eps-converted-to.pdf Graphic file (type pdf)

<use figures/P_init20-eps-converted-to.pdf>
Package pdftex.def Info: figures/P_init20-eps-converted-to.pdf used on input li
ne 32.
(pdftex.def)             Requested size: 289.07999pt x 215.80655pt.
Package epstopdf Info: Source file: <figures/P_init100.eps>
(epstopdf)                    date: 2016-09-19 04:04:14
(epstopdf)                    size: 30055 bytes
(epstopdf)             Output file: <figures/P_init100-eps-converted-to.pdf>
(epstopdf)                    date: 2016-09-19 04:48:23
(epstopdf)                    size: 9602 bytes
(epstopdf)             Command: <repstopdf --outfile=figures/P_init100-eps-conv
erted-to.pdf figures/P_init100.eps>
(epstopdf)             \includegraphics on input line 39.
Package epstopdf Info: Output file is already uptodate.

<figures/P_init100-eps-converted-to.pdf, id=5, 431.6125pt x 322.20375pt>
File: figures/P_init100-eps-converted-to.pdf Graphic file (type pdf)

<use figures/P_init100-eps-converted-to.pdf>
Package pdftex.def Info: figures/P_init100-eps-converted-to.pdf used on input l
ine 39.
(pdftex.def)             Requested size: 289.07999pt x 215.80655pt.
 [1

{/var/lib/texmf/fonts/map/pdftex/updmap/pdftex.map} <./figures/P_init20-eps-con
verted-to.pdf>]
Package epstopdf Info: Source file: <figures/P_init200.eps>
(epstopdf)                    date: 2016-09-19 04:05:09
(epstopdf)                    size: 29382 bytes
(epstopdf)             Output file: <figures/P_init200-eps-converted-to.pdf>
(epstopdf)                    date: 2016-09-19 04:48:44
(epstopdf)                    size: 9383 bytes
(epstopdf)             Command: <repstopdf --outfile=figures/P_init200-eps-conv
erted-to.pdf figures/P_init200.eps>
(epstopdf)             \includegraphics on input line 46.
Package epstopdf Info: Output file is already uptodate.

<figures/P_init200-eps-converted-to.pdf, id=23, 431.6125pt x 322.20375pt>
File: figures/P_init200-eps-converted-to.pdf Graphic file (type pdf)

<use figures/P_init200-eps-converted-to.pdf>
Package pdftex.def Info: figures/P_init200-eps-converted-to.pdf used on input l
ine 46.
(pdftex.def)             Requested size: 289.07999pt x 215.80655pt.
Package epstopdf Info: Source file: <figures/P_A60.eps>
(epstopdf)                    date: 2016-09-19 04:31:26
(epstopdf)                    size: 27942 bytes
(epstopdf)             Output file: <figures/P_A60-eps-converted-to.pdf>
(epstopdf)                    date: 2016-09-19 04:56:35
(epstopdf)                    size: 9121 bytes
(epstopdf)             Command: <repstopdf --outfile=figures/P_A60-eps-converte
d-to.pdf figures/P_A60.eps>
(epstopdf)             \includegraphics on input line 54.
Package epstopdf Info: Output file is already uptodate.

<figures/P_A60-eps-converted-to.pdf, id=24, 383.4325pt x 206.7725pt>
File: figures/P_A60-eps-converted-to.pdf Graphic file (type pdf)

<use figures/P_A60-eps-converted-to.pdf>
Package pdftex.def Info: figures/P_A60-eps-converted-to.pdf used on input line 
54.
(pdftex.def)             Requested size: 281.85587pt x 152.00278pt.
Package epstopdf Info: Source file: <figures/P_A100.eps>
(epstopdf)                    date: 2016-09-19 04:23:36
(epstopdf)                    size: 27911 bytes
(epstopdf)             Output file: <figures/P_A100-eps-converted-to.pdf>
(epstopdf)                    date: 2016-09-19 04:56:35
(epstopdf)                    size: 9114 bytes
(epstopdf)             Command: <repstopdf --outfile=figures/P_A100-eps-convert
ed-to.pdf figures/P_A100.eps>
(epstopdf)             \includegraphics on input line 60.
Package epstopdf Info: Output file is already uptodate.

<figures/P_A100-eps-converted-to.pdf, id=25, 383.4325pt x 206.7725pt>
File: figures/P_A100-eps-converted-to.pdf Graphic file (type pdf)

<use figures/P_A100-eps-converted-to.pdf>
Package pdftex.def Info: figures/P_A100-eps-converted-to.pdf used on input line
 60.
(pdftex.def)             Requested size: 281.85587pt x 152.00278pt.
 [2 <./figures/P_init100-eps-converted-to.pdf> <./figures/P_init200-eps-convert
ed-to.pdf>]
Package epstopdf Info: Source file: <figures/P_B60.eps>
(epstopdf)                    date: 2016-09-19 04:26:04
(epstopdf)                    size: 28028 bytes
(epstopdf)             Output file: <figures/P_B60-eps-converted-to.pdf>
(epstopdf)                    date: 2016-09-19 05:01:00
(epstopdf)                    size: 9360 bytes
(epstopdf)             Command: <repstopdf --outfile=figures/P_B60-eps-converte
d-to.pdf figures/P_B60.eps>
(epstopdf)             \includegraphics on input line 70.
Package epstopdf Info: Output file is already uptodate.

<figures/P_B60-eps-converted-to.pdf, id=42, 383.4325pt x 206.7725pt>
File: figures/P_B60-eps-converted-to.pdf Graphic file (type pdf)

<use figures/P_B60-eps-converted-to.pdf>
Package pdftex.def Info: figures/P_B60-eps-converted-to.pdf used on input line 
70.
(pdftex.def)             Requested size: 281.85587pt x 152.00278pt.
Package epstopdf Info: Source file: <figures/P_B100.eps>
(epstopdf)                    date: 2016-09-19 04:32:50
(epstopdf)                    size: 27973 bytes
(epstopdf)             Output file: <figures/P_B100-eps-converted-to.pdf>
(epstopdf)                    date: 2016-09-19 05:01:00
(epstopdf)                    size: 9326 bytes
(epstopdf)             Command: <repstopdf --outfile=figures/P_B100-eps-convert
ed-to.pdf figures/P_B100.eps>
(epstopdf)             \includegraphics on input line 76.
Package epstopdf Info: Output file is already uptodate.

<figures/P_B100-eps-converted-to.pdf, id=43, 383.4325pt x 206.7725pt>
File: figures/P_B100-eps-converted-to.pdf Graphic file (type pdf)

<use figures/P_B100-eps-converted-to.pdf>
Package pdftex.def Info: figures/P_B100-eps-converted-to.pdf used on input line
 76.
(pdftex.def)             Requested size: 281.85587pt x 152.00278pt.
 [3 <./figures/P_A60-eps-converted-to.pdf> <./figures/P_A100-eps-converted-to.p
df>]
Package epstopdf Info: Source file: <figures/P_C60.eps>
(epstopdf)                    date: 2016-09-19 04:28:59
(epstopdf)                    size: 28155 bytes
(epstopdf)             Output file: <figures/P_C60-eps-converted-to.pdf>
(epstopdf)             Command: <repstopdf --outfile=figures/P_C60-eps-converte
d-to.pdf figures/P_C60.eps>
(epstopdf)             \includegraphics on input line 87.
runsystem(repstopdf --outfile=figures/P_C60-eps-converted-to.pdf figures/P_C60.
eps)...executed safely (allowed).

Package epstopdf Info: Result file: <figures/P_C60-eps-converted-to.pdf>
(epstopdf)                    date: 2016-09-19 05:01:45
(epstopdf)                    size: 9363 bytes.

<figures/P_C60-eps-converted-to.pdf, id=63, 383.4325pt x 206.7725pt>
File: figures/P_C60-eps-converted-to.pdf Graphic file (type pdf)

<use figures/P_C60-eps-converted-to.pdf>
Package pdftex.def Info: figures/P_C60-eps-converted-to.pdf used on input line 
87.
(pdftex.def)             Requested size: 281.85587pt x 152.00278pt.
Package epstopdf Info: Source file: <figures/P_C100.eps>
(epstopdf)                    date: 2016-09-19 04:29:20
(epstopdf)                    size: 28136 bytes
(epstopdf)             Output file: <figures/P_C100-eps-converted-to.pdf>
(epstopdf)             Command: <repstopdf --outfile=figures/P_C100-eps-convert
ed-to.pdf figures/P_C100.eps>
(epstopdf)             \includegraphics on input line 93.
runsystem(repstopdf --outfile=figures/P_C100-eps-converted-to.pdf figures/P_C10
0.eps)...executed safely (allowed).

Package epstopdf Info: Result file: <figures/P_C100-eps-converted-to.pdf>
(epstopdf)                    date: 2016-09-19 05:01:45
(epstopdf)                    size: 9422 bytes.

<figures/P_C100-eps-converted-to.pdf, id=64, 383.4325pt x 206.7725pt>
File: figures/P_C100-eps-converted-to.pdf Graphic file (type pdf)

<use figures/P_C100-eps-converted-to.pdf>
Package pdftex.def Info: figures/P_C100-eps-converted-to.pdf used on input line
 93.
(pdftex.def)             Requested size: 281.85587pt x 152.00278pt.
 [4 <./figures/P_B60-eps-converted-to.pdf> <./figures/P_B100-eps-converted-to.p
df>]
Package atveryend Info: Empty hook `BeforeClearDocument' on input line 102.
 [5 <./figures/P_C60-eps-converted-to.pdf> <./figures/P_C100-eps-converted-to.p
df>]
Package atveryend Info: Empty hook `AfterLastShipout' on input line 102.
 (./HW2.aux)
Package atveryend Info: Executing hook `AtVeryEndDocument' on input line 102.
Package atveryend Info: Executing hook `AtEndAfterFileList' on input line 102.
Package rerunfilecheck Info: File `HW2.out' has not changed.
(rerunfilecheck)             Checksum: D41D8CD98F00B204E9800998ECF8427E;0.
Package atveryend Info: Empty hook `AtVeryVeryEnd' on input line 102.
 ) 
Here is how much of TeX's memory you used:
 7907 strings out of 493304
 120816 string characters out of 6139871
 215007 words of memory out of 5000000
 11270 multiletter control sequences out of 15000+600000
 9239 words of font info for 34 fonts, out of 8000000 for 9000
 957 hyphenation exceptions out of 8191
 36i,8n,39p,256b,512s stack positions out of 5000i,500n,10000p,200000b,80000s
</usr/share/texlive/texmf-dist/fonts/type1/public/amsfonts/cm/cmmi10.pfb></us
r/share/texlive/texmf-dist/fonts/type1/public/amsfonts/cm/cmmi9.pfb></usr/share
/texlive/texmf-dist/fonts/type1/public/amsfonts/cm/cmr10.pfb></usr/share/texliv
e/texmf-dist/fonts/type1/public/amsfonts/cm/cmr12.pfb></usr/share/texlive/texmf
-dist/fonts/type1/public/amsfonts/cm/cmr17.pfb></usr/share/texlive/texmf-dist/f
onts/type1/public/amsfonts/cm/cmr6.pfb></usr/share/texlive/texmf-dist/fonts/typ
e1/public/amsfonts/cm/cmr7.pfb></usr/share/texlive/texmf-dist/fonts/type1/publi
c/amsfonts/cm/cmr9.pfb></usr/share/texlive/texmf-dist/fonts/type1/public/amsfon
ts/cm/cmsy6.pfb></usr/share/texlive/texmf-dist/fonts/type1/public/amsfonts/cm/c
msy7.pfb>
Output written on HW2.pdf (5 pages, 151532 bytes).
PDF statistics:
 131 PDF objects out of 1000 (max. 8388607)
 95 compressed objects within 1 object stream
 12 named destinations out of 1000 (max. 500000)
 46 words of extra memory for PDF output out of 10000 (max. 10000000)

