This is pdfTeX, Version 3.1415926-2.5-1.40.14 (TeX Live 2013/Debian) (format=pdflatex 2016.4.19)  14 SEP 2016 03:20
entering extended mode
 restricted \write18 enabled.
 %&-line parsing enabled.
**Q1.tex
(./Q1.tex
LaTeX2e <2011/06/27>
Babel <3.9h> and hyphenation patterns for 78 languages loaded.
(/usr/share/texlive/texmf-dist/tex/latex/base/article.cls
Document Class: article 2007/10/19 v1.4h Standard LaTeX document class
(/usr/share/texlive/texmf-dist/tex/latex/base/size10.clo
File: size10.clo 2007/10/19 v1.4h Standard LaTeX file (size option)
)
\c@part=\count79
\c@section=\count80
\c@subsection=\count81
\c@subsubsection=\count82
\c@paragraph=\count83
\c@subparagraph=\count84
\c@figure=\count85
\c@table=\count86
\abovecaptionskip=\skip41
\belowcaptionskip=\skip42
\bibindent=\dimen102
)
(/usr/share/texlive/texmf-dist/tex/latex/graphics/graphicx.sty
Package: graphicx 1999/02/16 v1.0f Enhanced LaTeX Graphics (DPC,SPQR)

(/usr/share/texlive/texmf-dist/tex/latex/graphics/keyval.sty
Package: keyval 1999/03/16 v1.13 key=value parser (DPC)
\KV@toks@=\toks14
)
(/usr/share/texlive/texmf-dist/tex/latex/graphics/graphics.sty
Package: graphics 2009/02/05 v1.0o Standard LaTeX Graphics (DPC,SPQR)

(/usr/share/texlive/texmf-dist/tex/latex/graphics/trig.sty
Package: trig 1999/03/16 v1.09 sin cos tan (DPC)
)
(/usr/share/texlive/texmf-dist/tex/latex/latexconfig/graphics.cfg
File: graphics.cfg 2010/04/23 v1.9 graphics configuration of TeX Live
)
Package graphics Info: Driver file: pdftex.def on input line 91.

(/usr/share/texlive/texmf-dist/tex/latex/pdftex-def/pdftex.def
File: pdftex.def 2011/05/27 v0.06d Graphics/color for pdfTeX

(/usr/share/texlive/texmf-dist/tex/generic/oberdiek/infwarerr.sty
Package: infwarerr 2010/04/08 v1.3 Providing info/warning/error messages (HO)
)
(/usr/share/texlive/texmf-dist/tex/generic/oberdiek/ltxcmds.sty
Package: ltxcmds 2011/11/09 v1.22 LaTeX kernel commands for general use (HO)
)
\Gread@gobject=\count87
))
\Gin@req@height=\dimen103
\Gin@req@width=\dimen104
)
(/usr/share/texlive/texmf-dist/tex/latex/graphics/color.sty
Package: color 2005/11/14 v1.0j Standard LaTeX Color (DPC)

(/usr/share/texlive/texmf-dist/tex/latex/latexconfig/color.cfg
File: color.cfg 2007/01/18 v1.5 color configuration of teTeX/TeXLive
)
Package color Info: Driver file: pdftex.def on input line 130.
)
No file Q1.aux.
\openout1 = `Q1.aux'.

LaTeX Font Info:    Checking defaults for OML/cmm/m/it on input line 13.
LaTeX Font Info:    ... okay on input line 13.
LaTeX Font Info:    Checking defaults for T1/cmr/m/n on input line 13.
LaTeX Font Info:    ... okay on input line 13.
LaTeX Font Info:    Checking defaults for OT1/cmr/m/n on input line 13.
LaTeX Font Info:    ... okay on input line 13.
LaTeX Font Info:    Checking defaults for OMS/cmsy/m/n on input line 13.
LaTeX Font Info:    ... okay on input line 13.
LaTeX Font Info:    Checking defaults for OMX/cmex/m/n on input line 13.
LaTeX Font Info:    ... okay on input line 13.
LaTeX Font Info:    Checking defaults for U/cmr/m/n on input line 13.
LaTeX Font Info:    ... okay on input line 13.
(/usr/share/texlive/texmf-dist/tex/context/base/supp-pdf.mkii
[Loading MPS to PDF converter (version 2006.09.02).]
\scratchcounter=\count88
\scratchdimen=\dimen105
\scratchbox=\box26
\nofMPsegments=\count89
\nofMParguments=\count90
\everyMPshowfont=\toks15
\MPscratchCnt=\count91
\MPscratchDim=\dimen106
\MPnumerator=\count92
\makeMPintoPDFobject=\count93
\everyMPtoPDFconversion=\toks16
) (/usr/share/texlive/texmf-dist/tex/generic/oberdiek/pdftexcmds.sty
Package: pdftexcmds 2011/11/29 v0.20 Utility functions of pdfTeX for LuaTeX (HO
)

(/usr/share/texlive/texmf-dist/tex/generic/oberdiek/ifluatex.sty
Package: ifluatex 2010/03/01 v1.3 Provides the ifluatex switch (HO)
Package ifluatex Info: LuaTeX not detected.
)
(/usr/share/texlive/texmf-dist/tex/generic/oberdiek/ifpdf.sty
Package: ifpdf 2011/01/30 v2.3 Provides the ifpdf switch (HO)
Package ifpdf Info: pdfTeX in PDF mode is detected.
)
Package pdftexcmds Info: LuaTeX not detected.
Package pdftexcmds Info: \pdf@primitive is available.
Package pdftexcmds Info: \pdf@ifprimitive is available.
Package pdftexcmds Info: \pdfdraftmode found.
)
(/usr/share/texlive/texmf-dist/tex/latex/oberdiek/epstopdf-base.sty
Package: epstopdf-base 2010/02/09 v2.5 Base part for package epstopdf

(/usr/share/texlive/texmf-dist/tex/latex/oberdiek/grfext.sty
Package: grfext 2010/08/19 v1.1 Manage graphics extensions (HO)

(/usr/share/texlive/texmf-dist/tex/generic/oberdiek/kvdefinekeys.sty
Package: kvdefinekeys 2011/04/07 v1.3 Define keys (HO)
))
(/usr/share/texlive/texmf-dist/tex/latex/oberdiek/kvoptions.sty
Package: kvoptions 2011/06/30 v3.11 Key value format for package options (HO)

(/usr/share/texlive/texmf-dist/tex/generic/oberdiek/kvsetkeys.sty
Package: kvsetkeys 2012/04/25 v1.16 Key value parser (HO)

(/usr/share/texlive/texmf-dist/tex/generic/oberdiek/etexcmds.sty
Package: etexcmds 2011/02/16 v1.5 Avoid name clashes with e-TeX commands (HO)
Package etexcmds Info: Could not find \expanded.
(etexcmds)             That can mean that you are not using pdfTeX 1.50 or
(etexcmds)             that some package has redefined \expanded.
(etexcmds)             In the latter case, load this package earlier.
)))
Package grfext Info: Graphics extension search list:
(grfext)             [.png,.pdf,.jpg,.mps,.jpeg,.jbig2,.jb2,.PNG,.PDF,.JPG,.JPE
G,.JBIG2,.JB2,.eps]
(grfext)             \AppendGraphicsExtensions on input line 452.

(/usr/share/texlive/texmf-dist/tex/latex/latexconfig/epstopdf-sys.cfg
File: epstopdf-sys.cfg 2010/07/13 v1.3 Configuration of (r)epstopdf for TeX Liv
e
))
Overfull \hbox (27.74675pt too wide) in paragraph at lines 84--84
[]    \OT1/cmtt/m/n/10 W_heart(i,:)  = (1.33322e-4) * (P_a - P_v).*(C_d*P_v - C
_s(i)*P_a);[] 
 []

[1

{/var/lib/texmf/fonts/map/pdftex/updmap/pdftex.map}]
Overfull \hbox (59.24648pt too wide) in paragraph at lines 84--84
[]\OT1/cmtt/m/n/10 plot(P_a,V_stroke(1,:),P_a,V_stroke(2,:),P_a,V_stroke(3,:),P
_a,V_stroke(4,:))[] 
 []


Overfull \hbox (11.99689pt too wide) in paragraph at lines 84--84
[]\OT1/cmtt/m/n/10 legend('C_{systolic} = 0.1 mL/mmHg','C_{systolic} = 0.3 mL/m
mHg',...[] 
 []


Overfull \hbox (101.24611pt too wide) in paragraph at lines 84--84
[]    \OT1/cmtt/m/n/10 'C_{systolic} = 0.5 mL/mmHg','C_{systolic} = 0.7 mL/mmHg
','location','southwest')[] 
 []


Overfull \hbox (38.24666pt too wide) in paragraph at lines 84--84
[]\OT1/cmtt/m/n/10 plot(P_a,W_heart(1,:),P_a,W_heart(2,:),P_a,W_heart(3,:),P_a,
W_heart(4,:))[] 
 []


Overfull \hbox (11.99689pt too wide) in paragraph at lines 84--84
[]\OT1/cmtt/m/n/10 legend('C_{systolic} = 0.1 mL/mmHg','C_{systolic} = 0.3 mL/m
mHg',...[] 
 []


Overfull \hbox (101.24611pt too wide) in paragraph at lines 84--84
[]    \OT1/cmtt/m/n/10 'C_{systolic} = 0.5 mL/mmHg','C_{systolic} = 0.7 mL/mmHg
','location','southwest')[] 
 []

Package epstopdf Info: Source file: <Q1_01.eps>
(epstopdf)                    date: 2016-09-14 03:19:49
(epstopdf)                    size: 26660 bytes
(epstopdf)             Output file: <Q1_01-eps-converted-to.pdf>
(epstopdf)             Command: <repstopdf --outfile=Q1_01-eps-converted-to.pdf
 Q1_01.eps>
(epstopdf)             \includegraphics on input line 86.
runsystem(repstopdf --outfile=Q1_01-eps-converted-to.pdf Q1_01.eps)...executed 
safely (allowed).

Package epstopdf Info: Result file: <Q1_01-eps-converted-to.pdf>
(epstopdf)                    date: 2016-09-14 03:20:26
(epstopdf)                    size: 9691 bytes.
<Q1_01-eps-converted-to.pdf, id=8, 384.43625pt x 302.12875pt>
File: Q1_01-eps-converted-to.pdf Graphic file (type pdf)

<use Q1_01-eps-converted-to.pdf>
Package pdftex.def Info: Q1_01-eps-converted-to.pdf used on input line 86.
(pdftex.def)             Requested size: 289.07999pt x 227.20453pt.
Package epstopdf Info: Source file: <Q1_02.eps>
(epstopdf)                    date: 2016-09-14 03:19:50
(epstopdf)                    size: 26599 bytes
(epstopdf)             Output file: <Q1_02-eps-converted-to.pdf>
(epstopdf)             Command: <repstopdf --outfile=Q1_02-eps-converted-to.pdf
 Q1_02.eps>
(epstopdf)             \includegraphics on input line 88.
runsystem(repstopdf --outfile=Q1_02-eps-converted-to.pdf Q1_02.eps)...executed 
safely (allowed).

Package epstopdf Info: Result file: <Q1_02-eps-converted-to.pdf>
(epstopdf)                    date: 2016-09-14 03:20:27
(epstopdf)                    size: 9483 bytes.

<Q1_02-eps-converted-to.pdf, id=9, 385.44pt x 302.12875pt>
File: Q1_02-eps-converted-to.pdf Graphic file (type pdf)

<use Q1_02-eps-converted-to.pdf>
Package pdftex.def Info: Q1_02-eps-converted-to.pdf used on input line 88.
(pdftex.def)             Requested size: 289.07999pt x 226.596pt.
Package epstopdf Info: Source file: <Q1_03.eps>
(epstopdf)                    date: 2016-09-14 03:19:50
(epstopdf)                    size: 48556 bytes
(epstopdf)             Output file: <Q1_03-eps-converted-to.pdf>
(epstopdf)             Command: <repstopdf --outfile=Q1_03-eps-converted-to.pdf
 Q1_03.eps>
(epstopdf)             \includegraphics on input line 90.
runsystem(repstopdf --outfile=Q1_03-eps-converted-to.pdf Q1_03.eps)...executed 
safely (allowed).

Package epstopdf Info: Result file: <Q1_03-eps-converted-to.pdf>
(epstopdf)                    date: 2016-09-14 03:20:27
(epstopdf)                    size: 16419 bytes.

<Q1_03-eps-converted-to.pdf, id=10, 384.43625pt x 302.12875pt> [2 <./Q1_01-eps-
converted-to.pdf>]
File: Q1_03-eps-converted-to.pdf Graphic file (type pdf)
 <use Q1_03-eps-converted-to.pdf>
Package pdftex.def Info: Q1_03-eps-converted-to.pdf used on input line 90.
(pdftex.def)             Requested size: 289.07999pt x 227.20453pt.
Package epstopdf Info: Source file: <Q1_04.eps>
(epstopdf)                    date: 2016-09-14 03:19:50
(epstopdf)                    size: 48874 bytes
(epstopdf)             Output file: <Q1_04-eps-converted-to.pdf>
(epstopdf)             Command: <repstopdf --outfile=Q1_04-eps-converted-to.pdf
 Q1_04.eps>
(epstopdf)             \includegraphics on input line 92.
runsystem(repstopdf --outfile=Q1_04-eps-converted-to.pdf Q1_04.eps)...executed 
safely (allowed).

Package epstopdf Info: Result file: <Q1_04-eps-converted-to.pdf>
(epstopdf)                    date: 2016-09-14 03:20:28
(epstopdf)                    size: 16585 bytes.

<Q1_04-eps-converted-to.pdf, id=19, 385.44pt x 302.12875pt>
File: Q1_04-eps-converted-to.pdf Graphic file (type pdf)

<use Q1_04-eps-converted-to.pdf>
Package pdftex.def Info: Q1_04-eps-converted-to.pdf used on input line 92.
(pdftex.def)             Requested size: 289.07999pt x 226.596pt.
 [3 <./Q1_02-eps-converted-to.pdf> <./Q1_03-eps-converted-to.pdf>] [4 <./Q1_04-
eps-converted-to.pdf>] (./Q1.aux) ) 
Here is how much of TeX's memory you used:
 1522 strings out of 493304
 22038 string characters out of 6139871
 81301 words of memory out of 5000000
 4994 multiletter control sequences out of 15000+600000
 3808 words of font info for 15 fonts, out of 8000000 for 9000
 957 hyphenation exceptions out of 8191
 38i,6n,23p,232b,240s stack positions out of 5000i,500n,10000p,200000b,80000s
</usr/share/texlive/texmf-dist/fonts/type1/p
ublic/amsfonts/cm/cmr10.pfb></usr/share/texlive/texmf-dist/fonts/type1/public/a
msfonts/cm/cmtt10.pfb>
Output written on Q1.pdf (4 pages, 68996 bytes).
PDF statistics:
 49 PDF objects out of 1000 (max. 8388607)
 32 compressed objects within 1 object stream
 0 named destinations out of 1000 (max. 500000)
 21 words of extra memory for PDF output out of 10000 (max. 10000000)

